<?xml version="1.0" encoding="UTF-8"?>
<testsuite name="academy.digitallab.store.product.ProductServiceMockTest" tests="1" skipped="0" failures="0" errors="0" timestamp="2021-01-25T23:28:21" hostname="DESKTOP-B0C62T9" time="0.133">
  <properties/>
  <testcase name="whenValidUpdateStock_ThenReturnNewStock()" classname="academy.digitallab.store.product.ProductServiceMockTest" time="0.133"/>
  <system-out><![CDATA[20:28:16.489 [Test worker] DEBUG org.springframework.test.context.BootstrapUtils - Instantiating CacheAwareContextLoaderDelegate from class [org.springframework.test.context.cache.DefaultCacheAwareContextLoaderDelegate]
20:28:16.508 [Test worker] DEBUG org.springframework.test.context.BootstrapUtils - Instantiating BootstrapContext using constructor [public org.springframework.test.context.support.DefaultBootstrapContext(java.lang.Class,org.springframework.test.context.CacheAwareContextLoaderDelegate)]
20:28:16.542 [Test worker] DEBUG org.springframework.test.context.BootstrapUtils - Instantiating TestContextBootstrapper for test class [academy.digitallab.store.product.ProductServiceMockTest] from class [org.springframework.boot.test.context.SpringBootTestContextBootstrapper]
20:28:16.555 [Test worker] INFO org.springframework.boot.test.context.SpringBootTestContextBootstrapper - Neither @ContextConfiguration nor @ContextHierarchy found for test class [academy.digitallab.store.product.ProductServiceMockTest], using SpringBootContextLoader
20:28:16.560 [Test worker] DEBUG org.springframework.test.context.support.AbstractContextLoader - Did not detect default resource location for test class [academy.digitallab.store.product.ProductServiceMockTest]: class path resource [academy/digitallab/store/product/ProductServiceMockTest-context.xml] does not exist
20:28:16.561 [Test worker] DEBUG org.springframework.test.context.support.AbstractContextLoader - Did not detect default resource location for test class [academy.digitallab.store.product.ProductServiceMockTest]: class path resource [academy/digitallab/store/product/ProductServiceMockTestContext.groovy] does not exist
20:28:16.562 [Test worker] INFO org.springframework.test.context.support.AbstractContextLoader - Could not detect default resource locations for test class [academy.digitallab.store.product.ProductServiceMockTest]: no resource found for suffixes {-context.xml, Context.groovy}.
20:28:16.565 [Test worker] INFO org.springframework.test.context.support.AnnotationConfigContextLoaderUtils - Could not detect default configuration classes for test class [academy.digitallab.store.product.ProductServiceMockTest]: ProductServiceMockTest does not declare any static, non-private, non-final, nested classes annotated with @Configuration.
20:28:16.615 [Test worker] DEBUG org.springframework.test.context.support.ActiveProfilesUtils - Could not find an 'annotation declaring class' for annotation type [org.springframework.test.context.ActiveProfiles] and class [academy.digitallab.store.product.ProductServiceMockTest]
20:28:16.715 [Test worker] DEBUG org.springframework.context.annotation.ClassPathScanningCandidateComponentProvider - Identified candidate component class: file [H:\Colmena\Curso Microservicio Youtube\mi desarrollo\service-product\build\classes\java\main\academy\digitallab\store\product\ServiceProductApplication.class]
20:28:16.717 [Test worker] INFO org.springframework.boot.test.context.SpringBootTestContextBootstrapper - Found @SpringBootConfiguration academy.digitallab.store.product.ServiceProductApplication for test class academy.digitallab.store.product.ProductServiceMockTest
20:28:16.816 [Test worker] DEBUG org.springframework.boot.test.context.SpringBootTestContextBootstrapper - @TestExecutionListeners is not present for class [academy.digitallab.store.product.ProductServiceMockTest]: using defaults.
20:28:16.817 [Test worker] INFO org.springframework.boot.test.context.SpringBootTestContextBootstrapper - Loaded default TestExecutionListener class names from location [META-INF/spring.factories]: [org.springframework.boot.test.autoconfigure.restdocs.RestDocsTestExecutionListener, org.springframework.boot.test.autoconfigure.web.client.MockRestServiceServerResetTestExecutionListener, org.springframework.boot.test.autoconfigure.web.servlet.MockMvcPrintOnlyOnFailureTestExecutionListener, org.springframework.boot.test.autoconfigure.web.servlet.WebDriverTestExecutionListener, org.springframework.boot.test.autoconfigure.webservices.client.MockWebServiceServerTestExecutionListener, org.springframework.boot.test.mock.mockito.MockitoTestExecutionListener, org.springframework.boot.test.mock.mockito.ResetMocksTestExecutionListener, org.springframework.test.context.web.ServletTestExecutionListener, org.springframework.test.context.support.DirtiesContextBeforeModesTestExecutionListener, org.springframework.test.context.event.ApplicationEventsTestExecutionListener, org.springframework.test.context.support.DependencyInjectionTestExecutionListener, org.springframework.test.context.support.DirtiesContextTestExecutionListener, org.springframework.test.context.transaction.TransactionalTestExecutionListener, org.springframework.test.context.jdbc.SqlScriptsTestExecutionListener, org.springframework.test.context.event.EventPublishingTestExecutionListener]
20:28:16.837 [Test worker] INFO org.springframework.boot.test.context.SpringBootTestContextBootstrapper - Using TestExecutionListeners: [org.springframework.test.context.web.ServletTestExecutionListener@47d58de3, org.springframework.test.context.support.DirtiesContextBeforeModesTestExecutionListener@73fb36d6, org.springframework.test.context.event.ApplicationEventsTestExecutionListener@5e7b7d4a, org.springframework.boot.test.mock.mockito.MockitoTestExecutionListener@69e97231, org.springframework.boot.test.autoconfigure.SpringBootDependencyInjectionTestExecutionListener@2b8507a, org.springframework.test.context.support.DirtiesContextTestExecutionListener@285f8b7d, org.springframework.test.context.transaction.TransactionalTestExecutionListener@2d4b3211, org.springframework.test.context.jdbc.SqlScriptsTestExecutionListener@f11a573, org.springframework.test.context.event.EventPublishingTestExecutionListener@4f6a0f6b, org.springframework.boot.test.autoconfigure.restdocs.RestDocsTestExecutionListener@1bba7198, org.springframework.boot.test.autoconfigure.web.client.MockRestServiceServerResetTestExecutionListener@6f951344, org.springframework.boot.test.autoconfigure.web.servlet.MockMvcPrintOnlyOnFailureTestExecutionListener@6dad09f8, org.springframework.boot.test.autoconfigure.web.servlet.WebDriverTestExecutionListener@72235271, org.springframework.boot.test.autoconfigure.webservices.client.MockWebServiceServerTestExecutionListener@3adddb1c, org.springframework.boot.test.mock.mockito.ResetMocksTestExecutionListener@7d95f030]
20:28:16.850 [Test worker] DEBUG org.springframework.test.context.support.AbstractDirtiesContextTestExecutionListener - Before test class: context [DefaultTestContext@5bcfa126 testClass = ProductServiceMockTest, testInstance = [null], testMethod = [null], testException = [null], mergedContextConfiguration = [WebMergedContextConfiguration@1733e246 testClass = ProductServiceMockTest, locations = '{}', classes = '{class academy.digitallab.store.product.ServiceProductApplication}', contextInitializerClasses = '[]', activeProfiles = '{}', propertySourceLocations = '{}', propertySourceProperties = '{org.springframework.boot.test.context.SpringBootTestContextBootstrapper=true}', contextCustomizers = set[org.springframework.boot.test.autoconfigure.actuate.metrics.MetricsExportContextCustomizerFactory$DisableMetricExportContextCustomizer@389bcfc4, org.springframework.boot.test.autoconfigure.properties.PropertyMappingContextCustomizer@0, org.springframework.boot.test.autoconfigure.web.servlet.WebDriverContextCustomizerFactory$Customizer@3c739043, org.springframework.boot.test.context.filter.ExcludeFilterContextCustomizer@3b678390, org.springframework.boot.test.json.DuplicateJsonObjectContextCustomizerFactory$DuplicateJsonObjectContextCustomizer@4675bae6, org.springframework.boot.test.mock.mockito.MockitoContextCustomizer@0, org.springframework.boot.test.web.client.TestRestTemplateContextCustomizer@24e5e564, org.springframework.boot.test.context.SpringBootTestArgs@1, org.springframework.boot.test.context.SpringBootTestWebEnvironment@1cd88511], resourceBasePath = 'src/main/webapp', contextLoader = 'org.springframework.boot.test.context.SpringBootContextLoader', parent = [null]], attributes = map['org.springframework.test.context.web.ServletTestExecutionListener.activateListener' -> true]], class annotated with @DirtiesContext [false] with mode [null].
20:28:16.891 [Test worker] DEBUG org.springframework.test.context.support.TestPropertySourceUtils - Adding inlined properties to environment: {spring.jmx.enabled=false, org.springframework.boot.test.context.SpringBootTestContextBootstrapper=true}

  .   ____          _            __ _ _
 /\\ / ___'_ __ _ _(_)_ __  __ _ \ \ \ \
( ( )\___ | '_ | '_| | '_ \/ _` | \ \ \ \
 \\/  ___)| |_)| | | | | || (_| |  ) ) ) )
  '  |____| .__|_| |_|_| |_\__, | / / / /
 =========|_|==============|___/=/_/_/_/
 :: Spring Boot ::                (v2.4.2)

2021-01-25 20:28:17.214  INFO 12544 --- [    Test worker] a.d.s.product.ProductServiceMockTest     : Starting ProductServiceMockTest using Java 14.0.2 on DESKTOP-B0C62T9 with PID 12544 (started by Usuario in H:\Colmena\Curso Microservicio Youtube\mi desarrollo\service-product)
2021-01-25 20:28:17.230  INFO 12544 --- [    Test worker] a.d.s.product.ProductServiceMockTest     : No active profile set, falling back to default profiles: default
2021-01-25 20:28:18.050  INFO 12544 --- [    Test worker] .s.d.r.c.RepositoryConfigurationDelegate : Bootstrapping Spring Data JPA repositories in DEFAULT mode.
2021-01-25 20:28:18.117  INFO 12544 --- [    Test worker] .s.d.r.c.RepositoryConfigurationDelegate : Finished Spring Data repository scanning in 58 ms. Found 1 JPA repository interfaces.
2021-01-25 20:28:18.702  INFO 12544 --- [    Test worker] com.zaxxer.hikari.HikariDataSource       : HikariPool-1 - Starting...
2021-01-25 20:28:18.900  INFO 12544 --- [    Test worker] com.zaxxer.hikari.HikariDataSource       : HikariPool-1 - Start completed.
2021-01-25 20:28:18.977  INFO 12544 --- [    Test worker] o.hibernate.jpa.internal.util.LogHelper  : HHH000204: Processing PersistenceUnitInfo [name: default]
2021-01-25 20:28:19.039  INFO 12544 --- [    Test worker] org.hibernate.Version                    : HHH000412: Hibernate ORM core version 5.4.27.Final
2021-01-25 20:28:19.206  INFO 12544 --- [    Test worker] o.hibernate.annotations.common.Version   : HCANN000001: Hibernate Commons Annotations {5.1.2.Final}
2021-01-25 20:28:19.357  INFO 12544 --- [    Test worker] org.hibernate.dialect.Dialect            : HHH000400: Using dialect: org.hibernate.dialect.H2Dialect
2021-01-25 20:28:20.034  INFO 12544 --- [    Test worker] o.h.e.t.j.p.i.JtaPlatformInitiator       : HHH000490: Using JtaPlatform implementation: [org.hibernate.engine.transaction.jta.platform.internal.NoJtaPlatform]
2021-01-25 20:28:20.046  INFO 12544 --- [    Test worker] j.LocalContainerEntityManagerFactoryBean : Initialized JPA EntityManagerFactory for persistence unit 'default'
2021-01-25 20:28:20.828  WARN 12544 --- [    Test worker] JpaBaseConfiguration$JpaWebConfiguration : spring.jpa.open-in-view is enabled by default. Therefore, database queries may be performed during view rendering. Explicitly configure spring.jpa.open-in-view to disable this warning
2021-01-25 20:28:21.075  INFO 12544 --- [    Test worker] o.s.s.concurrent.ThreadPoolTaskExecutor  : Initializing ExecutorService 'applicationTaskExecutor'
2021-01-25 20:28:21.507  INFO 12544 --- [    Test worker] a.d.s.product.ProductServiceMockTest     : Started ProductServiceMockTest in 4.609 seconds (JVM running for 6.103)
]]></system-out>
  <system-err><![CDATA[]]></system-err>
</testsuite>
